TN:
SF:/home/i404/yc_2017_swtesting/Report/17-10-26_TestFramework/21360008/Practice/cpputest/include/CppUTest/Utest.h
DA:69,19
LF:1
LH:1
end_of_record
SF:/home/i404/yc_2017_swtesting/Report/17-10-26_TestFramework/21360008/Practice/prac_03/coverage_metric/testframework/swut/swut_main.cpp
FN:5,_ZN37TEST_GROUP_CppUTestGroupcircular_testD0Ev
FN:5,_ZN37TEST_GROUP_CppUTestGroupcircular_testD2Ev
FN:8,_ZN37TEST_GROUP_CppUTestGroupcircular_test5setupEv
FN:14,_ZN37TEST_GROUP_CppUTestGroupcircular_test8teardownEv
FN:24,_ZN31TEST_circular_test_enqueue_TestD0Ev
FN:24,_ZN36TEST_circular_test_enqueue_TestShellD0Ev
FN:24,_ZN36TEST_circular_test_enqueue_TestShell10createTestEv
FN:24,_ZN31TEST_circular_test_enqueue_Test8testBodyEv
FN:24,_ZN31TEST_circular_test_enqueue_TestD2Ev
FN:24,_ZN36TEST_circular_test_enqueue_TestShellD2Ev
FN:43,_ZN33TEST_circular_test_deleteall_Test8testBodyEv
FN:43,_ZN38TEST_circular_test_deleteall_TestShellD0Ev
FN:43,_ZN38TEST_circular_test_deleteall_TestShellD2Ev
FN:43,_ZN33TEST_circular_test_deleteall_TestD2Ev
FN:43,_ZN33TEST_circular_test_deleteall_TestD0Ev
FN:43,_ZN38TEST_circular_test_deleteall_TestShell10createTestEv
FN:63,_ZN33TEST_circular_test_queuefull_Test8testBodyEv
FN:63,_ZN38TEST_circular_test_queuefull_TestShell10createTestEv
FN:63,_ZN38TEST_circular_test_queuefull_TestShellD0Ev
FN:63,_ZN38TEST_circular_test_queuefull_TestShellD2Ev
FN:63,_ZN33TEST_circular_test_queuefull_TestD2Ev
FN:63,_ZN33TEST_circular_test_queuefull_TestD0Ev
FN:89,_ZN39TEST_circular_test_basic_test_TestShellD0Ev
FN:89,_ZN39TEST_circular_test_basic_test_TestShell10createTestEv
FN:89,_ZN34TEST_circular_test_basic_test_Test8testBodyEv
FN:89,_ZN39TEST_circular_test_basic_test_TestShellD2Ev
FN:89,_ZN34TEST_circular_test_basic_test_TestD0Ev
FN:89,_ZN34TEST_circular_test_basic_test_TestD2Ev
FN:99,main
FN:102,_GLOBAL__sub_I_externTestGroupcircular_test
FN:102,_Z41__static_initialization_and_destruction_0ii
FNDA:0,_ZN37TEST_GROUP_CppUTestGroupcircular_testD0Ev
FNDA:0,_ZN37TEST_GROUP_CppUTestGroupcircular_testD2Ev
FNDA:4,_ZN37TEST_GROUP_CppUTestGroupcircular_test5setupEv
FNDA:4,_ZN37TEST_GROUP_CppUTestGroupcircular_test8teardownEv
FNDA:0,_ZN36TEST_circular_test_enqueue_TestShellD0Ev
FNDA:0,_ZN36TEST_circular_test_enqueue_TestShellD2Ev
FNDA:1,_ZN31TEST_circular_test_enqueue_TestD0Ev
FNDA:0,_ZN31TEST_circular_test_enqueue_TestD2Ev
FNDA:1,_ZN31TEST_circular_test_enqueue_Test8testBodyEv
FNDA:1,_ZN36TEST_circular_test_enqueue_TestShell10createTestEv
FNDA:0,_ZN38TEST_circular_test_deleteall_TestShellD0Ev
FNDA:0,_ZN38TEST_circular_test_deleteall_TestShellD2Ev
FNDA:1,_ZN33TEST_circular_test_deleteall_TestD0Ev
FNDA:0,_ZN33TEST_circular_test_deleteall_TestD2Ev
FNDA:1,_ZN33TEST_circular_test_deleteall_Test8testBodyEv
FNDA:1,_ZN38TEST_circular_test_deleteall_TestShell10createTestEv
FNDA:0,_ZN38TEST_circular_test_queuefull_TestShellD0Ev
FNDA:0,_ZN38TEST_circular_test_queuefull_TestShellD2Ev
FNDA:1,_ZN33TEST_circular_test_queuefull_TestD0Ev
FNDA:0,_ZN33TEST_circular_test_queuefull_TestD2Ev
FNDA:1,_ZN33TEST_circular_test_queuefull_Test8testBodyEv
FNDA:1,_ZN38TEST_circular_test_queuefull_TestShell10createTestEv
FNDA:0,_ZN39TEST_circular_test_basic_test_TestShellD0Ev
FNDA:0,_ZN39TEST_circular_test_basic_test_TestShellD2Ev
FNDA:1,_ZN34TEST_circular_test_basic_test_TestD0Ev
FNDA:0,_ZN34TEST_circular_test_basic_test_TestD2Ev
FNDA:1,_ZN34TEST_circular_test_basic_test_Test8testBodyEv
FNDA:1,_ZN39TEST_circular_test_basic_test_TestShell10createTestEv
FNDA:1,main
FNDA:1,_GLOBAL__sub_I_externTestGroupcircular_test
FNDA:1,_Z41__static_initialization_and_destruction_0ii
FNF:31
FNH:17
BRDA:5,7,9,1
BRDA:5,7,10,0
BRDA:5,7,12,1
BRDA:5,7,13,0
BRDA:5,7,15,1
BRDA:5,7,16,0
BRDA:5,7,18,1
BRDA:5,7,19,0
BRDA:11,0,2,4
BRDA:11,0,3,0
BRDA:17,0,0,4
BRDA:17,0,1,0
BRDA:32,4294967295,2,1
BRDA:32,4294967295,3,0
BRDA:32,0,5,1
BRDA:32,0,6,0
BRDA:36,4294967295,2,1
BRDA:36,4294967295,3,0
BRDA:36,0,5,1
BRDA:36,0,6,0
BRDA:37,4294967295,2,1
BRDA:37,4294967295,3,0
BRDA:37,0,5,1
BRDA:37,0,6,0
BRDA:38,4294967295,2,1
BRDA:38,4294967295,3,0
BRDA:38,0,5,1
BRDA:38,0,6,0
BRDA:40,4294967295,2,1
BRDA:40,4294967295,3,0
BRDA:40,0,5,1
BRDA:40,0,6,0
BRDA:51,4294967295,2,1
BRDA:51,4294967295,3,0
BRDA:51,0,5,1
BRDA:51,0,6,0
BRDA:53,4294967295,2,1
BRDA:53,4294967295,3,0
BRDA:53,0,5,1
BRDA:53,0,6,0
BRDA:54,4294967295,2,1
BRDA:54,4294967295,3,0
BRDA:54,0,5,1
BRDA:54,0,6,0
BRDA:55,4294967295,2,1
BRDA:55,4294967295,3,0
BRDA:55,0,5,1
BRDA:55,0,6,0
BRDA:56,4294967295,2,1
BRDA:56,4294967295,3,0
BRDA:56,0,5,1
BRDA:56,0,6,0
BRDA:60,4294967295,2,1
BRDA:60,4294967295,3,0
BRDA:60,0,5,1
BRDA:60,0,6,0
BRDA:74,4294967295,2,1
BRDA:74,4294967295,3,0
BRDA:74,0,5,1
BRDA:74,0,6,0
BRDA:76,4294967295,2,1
BRDA:76,4294967295,3,0
BRDA:76,0,5,1
BRDA:76,0,6,0
BRDA:77,4294967295,2,1
BRDA:77,4294967295,3,0
BRDA:77,0,5,1
BRDA:77,0,6,0
BRDA:78,4294967295,2,1
BRDA:78,4294967295,3,0
BRDA:78,0,5,1
BRDA:78,0,6,0
BRDA:79,4294967295,2,1
BRDA:79,4294967295,3,0
BRDA:79,0,5,1
BRDA:79,0,6,0
BRDA:80,4294967295,2,1
BRDA:80,4294967295,3,0
BRDA:80,0,5,1
BRDA:80,0,6,0
BRDA:83,4294967295,2,1
BRDA:83,4294967295,3,0
BRDA:83,0,5,1
BRDA:83,0,6,0
BRDA:84,4294967295,2,1
BRDA:84,4294967295,3,0
BRDA:84,0,5,1
BRDA:84,0,6,0
BRDA:92,4294967295,1,1
BRDA:92,4294967295,2,0
BRDA:93,0,1,1
BRDA:93,0,2,0
BRDA:102,3,1,1
BRDA:102,3,2,0
BRDA:102,4,3,1
BRDA:102,4,4,0
BRF:96
BRH:48
DA:5,8
DA:8,4
DA:11,4
DA:12,4
DA:14,4
DA:17,4
DA:18,4
DA:24,6
DA:27,1
DA:28,1
DA:29,1
DA:30,1
DA:31,1
DA:32,1
DA:33,1
DA:36,1
DA:37,1
DA:38,1
DA:39,1
DA:40,1
DA:41,1
DA:43,6
DA:46,1
DA:47,1
DA:48,1
DA:49,1
DA:50,1
DA:51,1
DA:53,1
DA:54,1
DA:55,1
DA:56,1
DA:57,1
DA:60,1
DA:61,1
DA:63,6
DA:66,1
DA:67,1
DA:68,1
DA:69,1
DA:70,1
DA:71,1
DA:74,1
DA:76,1
DA:77,1
DA:78,1
DA:79,1
DA:80,1
DA:81,1
DA:83,1
DA:84,1
DA:85,1
DA:89,6
DA:91,2
DA:92,1
DA:93,1
DA:95,1
DA:99,1
DA:101,1
DA:102,4
LF:60
LH:60
end_of_record
TN:
SF:/home/i404/yc_2017_swtesting/Report/17-10-26_TestFramework/21360008/Practice/prac_03/coverage_metric/libsrc/libmodule.cpp
FN:2,_Z26testmodule_coverage_metricv
FNDA:0,_Z26testmodule_coverage_metricv
FNF:1
FNH:0
DA:2,0
DA:3,0
LF:2
LH:0
end_of_record
TN:
SF:/usr/include/x86_64-linux-gnu/bits/stdio2.h
DA:104,39
LF:1
LH:1
end_of_record
SF:/home/i404/yc_2017_swtesting/Report/17-10-26_TestFramework/21360008/Practice/prac_03/coverage_metric/libsrc/CircularBuffer.cpp
FN:3,_ZN14CircularBufferC2Ei
FN:9,_ZN14CircularBufferD2Ev
FN:9,_ZN14CircularBufferD0Ev
FN:14,_ZN14CircularBuffer7IsEmptyEv
FN:19,_ZN14CircularBuffer6IsFullEv
FN:24,_ZN14CircularBuffer3PutEi
FN:33,_ZN14CircularBuffer3GetEv
FN:46,_ZN14CircularBuffer8CapacityEv
FN:51,_ZN14CircularBuffer4NextEi
FN:57,_ZN14CircularBuffer5PrintEv
FNDA:5,_ZN14CircularBufferC2Ei
FNDA:4,_ZN14CircularBufferD0Ev
FNDA:5,_ZN14CircularBufferD2Ev
FNDA:5,_ZN14CircularBuffer7IsEmptyEv
FNDA:2,_ZN14CircularBuffer6IsFullEv
FNDA:14,_ZN14CircularBuffer3PutEi
FNDA:12,_ZN14CircularBuffer3GetEv
FNDA:1,_ZN14CircularBuffer8CapacityEv
FNDA:41,_ZN14CircularBuffer4NextEi
FNDA:7,_ZN14CircularBuffer5PrintEv
FNF:10
FNH:10
BRDA:6,0,0,5
BRDA:6,0,1,0
BRDA:11,0,0,5
BRDA:11,0,1,0
BRDA:29,4294967295,0,0
BRDA:29,4294967295,1,14
BRDA:30,0,0,1
BRDA:30,0,1,13
BRDA:38,0,0,12
BRDA:38,0,1,0
BRDA:41,4294967295,0,2
BRDA:41,4294967295,1,10
BRDA:53,0,0,3
BRDA:53,0,1,38
BRDA:64,4294967295,0,5
BRDA:64,4294967295,1,2
BRDA:64,0,2,1
BRDA:64,0,3,4
BRDA:66,2,0,15
BRDA:66,2,1,7
BRDA:69,4294967295,0,5
BRDA:69,4294967295,1,10
BRF:22
BRH:18
DA:3,5
DA:4,5
DA:6,5
DA:7,5
DA:9,9
DA:11,5
DA:12,4
DA:14,5
DA:16,5
DA:19,2
DA:21,2
DA:24,14
DA:26,14
DA:27,14
DA:28,14
DA:29,14
DA:30,14
DA:31,14
DA:33,12
DA:35,12
DA:36,12
DA:38,12
DA:39,12
DA:40,12
DA:41,12
DA:43,12
DA:46,1
DA:48,1
DA:51,41
DA:53,41
DA:54,41
DA:57,7
DA:59,7
DA:61,7
DA:62,7
DA:64,7
DA:66,22
DA:67,30
DA:68,15
DA:69,15
DA:71,7
DA:72,7
LF:42
LH:42
end_of_record
