TN:
SF:/usr/include/x86_64-linux-gnu/bits/stdio2.h
DA:104,36
LF:1
LH:1
end_of_record
SF:/home/i404/yc_2017_swtesting/Report/17-10-26_TestFramework/21360049/Practice/prac_03/coverage_metric/libsrc/CircularBuffer.cpp
FN:3,_ZN14CircularBufferC2Ei
FN:9,_ZN14CircularBufferD0Ev
FN:9,_ZN14CircularBufferD2Ev
FN:14,_ZN14CircularBuffer7IsEmptyEv
FN:19,_ZN14CircularBuffer6IsFullEv
FN:24,_ZN14CircularBuffer3PutEi
FN:33,_ZN14CircularBuffer3GetEv
FN:46,_ZN14CircularBuffer8CapacityEv
FN:51,_ZN14CircularBuffer4NextEi
FN:57,_ZN14CircularBuffer5PrintEv
FNDA:4,_ZN14CircularBufferC2Ei
FNDA:4,_ZN14CircularBufferD0Ev
FNDA:4,_ZN14CircularBufferD2Ev
FNDA:5,_ZN14CircularBuffer7IsEmptyEv
FNDA:1,_ZN14CircularBuffer6IsFullEv
FNDA:13,_ZN14CircularBuffer3PutEi
FNDA:12,_ZN14CircularBuffer3GetEv
FNDA:1,_ZN14CircularBuffer8CapacityEv
FNDA:39,_ZN14CircularBuffer4NextEi
FNDA:6,_ZN14CircularBuffer5PrintEv
FNF:10
FNH:10
BRDA:6,0,0,4
BRDA:6,0,1,0
BRDA:11,0,0,4
BRDA:11,0,1,0
BRDA:29,4294967295,0,0
BRDA:29,4294967295,1,13
BRDA:30,0,0,1
BRDA:30,0,1,12
BRDA:38,0,0,12
BRDA:38,0,1,0
BRDA:41,4294967295,0,2
BRDA:41,4294967295,1,10
BRDA:53,0,0,3
BRDA:53,0,1,36
BRDA:64,4294967295,0,4
BRDA:64,4294967295,1,2
BRDA:64,0,2,1
BRDA:64,0,3,3
BRDA:66,2,0,14
BRDA:66,2,1,6
BRDA:69,4294967295,0,4
BRDA:69,4294967295,1,10
BRF:22
BRH:18
DA:3,4
DA:4,4
DA:6,4
DA:7,4
DA:9,8
DA:11,4
DA:12,4
DA:14,5
DA:16,5
DA:19,1
DA:21,1
DA:24,13
DA:26,13
DA:27,13
DA:28,13
DA:29,13
DA:30,13
DA:31,13
DA:33,12
DA:35,12
DA:36,12
DA:38,12
DA:39,12
DA:40,12
DA:41,12
DA:43,12
DA:46,1
DA:48,1
DA:51,39
DA:53,39
DA:54,39
DA:57,6
DA:59,6
DA:61,6
DA:62,6
DA:64,6
DA:66,20
DA:67,28
DA:68,14
DA:69,14
DA:71,6
DA:72,6
LF:42
LH:42
end_of_record
TN:
SF:/home/i404/yc_2017_swtesting/Report/17-10-26_TestFramework/21360049/Practice/prac_03/coverage_metric/libsrc/libmodule.cpp
FN:2,_Z26testmodule_coverage_metricv
FNDA:0,_Z26testmodule_coverage_metricv
FNF:1
FNH:0
DA:2,0
DA:3,0
LF:2
LH:0
end_of_record
TN:
SF:/home/i404/yc_2017_swtesting/Report/17-10-26_TestFramework/21360049/Practice/cpputest/include/CppUTest/Utest.h
DA:69,18
LF:1
LH:1
end_of_record
SF:/usr/include/x86_64-linux-gnu/bits/stdio2.h
DA:104,1
LF:1
LH:1
end_of_record
SF:/home/i404/yc_2017_swtesting/Report/17-10-26_TestFramework/21360049/Practice/prac_03/coverage_metric/testframework/swut/swut_main.cpp
FN:5,_ZN38TEST_GROUP_CppUTestGroupCircularBufferD0Ev
FN:5,_ZN38TEST_GROUP_CppUTestGroupCircularBufferD2Ev
FN:9,_ZN38TEST_GROUP_CppUTestGroupCircularBuffer5setupEv
FN:15,_ZN38TEST_GROUP_CppUTestGroupCircularBuffer8teardownEv
FN:24,_ZN40TEST_CircularBuffer_basic_test_TestShellD2Ev
FN:24,_ZN40TEST_CircularBuffer_basic_test_TestShellD0Ev
FN:24,_ZN35TEST_CircularBuffer_basic_test_TestD0Ev
FN:24,_ZN40TEST_CircularBuffer_basic_test_TestShell10createTestEv
FN:24,_ZN35TEST_CircularBuffer_basic_test_Test8testBodyEv
FN:24,_ZN35TEST_CircularBuffer_basic_test_TestD2Ev
FN:33,_ZN32TEST_CircularBuffer_enqueue_TestD2Ev
FN:33,_ZN37TEST_CircularBuffer_enqueue_TestShell10createTestEv
FN:33,_ZN32TEST_CircularBuffer_enqueue_TestD0Ev
FN:33,_ZN37TEST_CircularBuffer_enqueue_TestShellD2Ev
FN:33,_ZN32TEST_CircularBuffer_enqueue_Test8testBodyEv
FN:33,_ZN37TEST_CircularBuffer_enqueue_TestShellD0Ev
FN:51,_ZN39TEST_CircularBuffer_deleteall_TestShellD0Ev
FN:51,_ZN34TEST_CircularBuffer_deleteall_TestD0Ev
FN:51,_ZN34TEST_CircularBuffer_deleteall_Test8testBodyEv
FN:51,_ZN39TEST_CircularBuffer_deleteall_TestShellD2Ev
FN:51,_ZN39TEST_CircularBuffer_deleteall_TestShell10createTestEv
FN:51,_ZN34TEST_CircularBuffer_deleteall_TestD2Ev
FN:71,_ZN34TEST_CircularBuffer_queuefull_Test8testBodyEv
FN:71,_ZN39TEST_CircularBuffer_queuefull_TestShellD2Ev
FN:71,_ZN34TEST_CircularBuffer_queuefull_TestD0Ev
FN:71,_ZN39TEST_CircularBuffer_queuefull_TestShell10createTestEv
FN:71,_ZN34TEST_CircularBuffer_queuefull_TestD2Ev
FN:71,_ZN39TEST_CircularBuffer_queuefull_TestShellD0Ev
FN:94,main
FN:97,_GLOBAL__sub_I_externTestGroupCircularBuffer
FN:97,_Z41__static_initialization_and_destruction_0ii
FNDA:0,_ZN38TEST_GROUP_CppUTestGroupCircularBufferD0Ev
FNDA:0,_ZN38TEST_GROUP_CppUTestGroupCircularBufferD2Ev
FNDA:4,_ZN38TEST_GROUP_CppUTestGroupCircularBuffer5setupEv
FNDA:4,_ZN38TEST_GROUP_CppUTestGroupCircularBuffer8teardownEv
FNDA:0,_ZN40TEST_CircularBuffer_basic_test_TestShellD0Ev
FNDA:0,_ZN40TEST_CircularBuffer_basic_test_TestShellD2Ev
FNDA:1,_ZN35TEST_CircularBuffer_basic_test_TestD0Ev
FNDA:0,_ZN35TEST_CircularBuffer_basic_test_TestD2Ev
FNDA:1,_ZN35TEST_CircularBuffer_basic_test_Test8testBodyEv
FNDA:1,_ZN40TEST_CircularBuffer_basic_test_TestShell10createTestEv
FNDA:0,_ZN37TEST_CircularBuffer_enqueue_TestShellD0Ev
FNDA:0,_ZN37TEST_CircularBuffer_enqueue_TestShellD2Ev
FNDA:1,_ZN32TEST_CircularBuffer_enqueue_TestD0Ev
FNDA:0,_ZN32TEST_CircularBuffer_enqueue_TestD2Ev
FNDA:1,_ZN32TEST_CircularBuffer_enqueue_Test8testBodyEv
FNDA:1,_ZN37TEST_CircularBuffer_enqueue_TestShell10createTestEv
FNDA:0,_ZN39TEST_CircularBuffer_deleteall_TestShellD0Ev
FNDA:0,_ZN39TEST_CircularBuffer_deleteall_TestShellD2Ev
FNDA:1,_ZN34TEST_CircularBuffer_deleteall_TestD0Ev
FNDA:0,_ZN34TEST_CircularBuffer_deleteall_TestD2Ev
FNDA:1,_ZN34TEST_CircularBuffer_deleteall_Test8testBodyEv
FNDA:1,_ZN39TEST_CircularBuffer_deleteall_TestShell10createTestEv
FNDA:0,_ZN39TEST_CircularBuffer_queuefull_TestShellD0Ev
FNDA:0,_ZN39TEST_CircularBuffer_queuefull_TestShellD2Ev
FNDA:1,_ZN34TEST_CircularBuffer_queuefull_TestD0Ev
FNDA:0,_ZN34TEST_CircularBuffer_queuefull_TestD2Ev
FNDA:1,_ZN34TEST_CircularBuffer_queuefull_Test8testBodyEv
FNDA:1,_ZN39TEST_CircularBuffer_queuefull_TestShell10createTestEv
FNDA:1,main
FNDA:1,_GLOBAL__sub_I_externTestGroupCircularBuffer
FNDA:1,_Z41__static_initialization_and_destruction_0ii
FNF:31
FNH:17
BRDA:5,7,9,1
BRDA:5,7,10,0
BRDA:5,7,12,1
BRDA:5,7,13,0
BRDA:5,7,15,1
BRDA:5,7,16,0
BRDA:5,7,18,1
BRDA:5,7,19,0
BRDA:12,0,2,4
BRDA:12,0,3,0
BRDA:18,0,0,4
BRDA:18,0,1,0
BRDA:41,4294967295,2,1
BRDA:41,4294967295,3,0
BRDA:41,0,5,1
BRDA:41,0,6,0
BRDA:44,4294967295,2,1
BRDA:44,4294967295,3,0
BRDA:44,0,5,1
BRDA:44,0,6,0
BRDA:45,4294967295,2,1
BRDA:45,4294967295,3,0
BRDA:45,0,5,1
BRDA:45,0,6,0
BRDA:46,4294967295,2,1
BRDA:46,4294967295,3,0
BRDA:46,0,5,1
BRDA:46,0,6,0
BRDA:48,4294967295,2,1
BRDA:48,4294967295,3,0
BRDA:48,0,5,1
BRDA:48,0,6,0
BRDA:59,4294967295,2,1
BRDA:59,4294967295,3,0
BRDA:59,0,5,1
BRDA:59,0,6,0
BRDA:61,4294967295,2,1
BRDA:61,4294967295,3,0
BRDA:61,0,5,1
BRDA:61,0,6,0
BRDA:62,4294967295,2,1
BRDA:62,4294967295,3,0
BRDA:62,0,5,1
BRDA:62,0,6,0
BRDA:63,4294967295,2,1
BRDA:63,4294967295,3,0
BRDA:63,0,5,1
BRDA:63,0,6,0
BRDA:64,4294967295,2,1
BRDA:64,4294967295,3,0
BRDA:64,0,5,1
BRDA:64,0,6,0
BRDA:68,4294967295,2,1
BRDA:68,4294967295,3,0
BRDA:68,0,5,1
BRDA:68,0,6,0
BRDA:82,4294967295,2,1
BRDA:82,4294967295,3,0
BRDA:82,0,5,1
BRDA:82,0,6,0
BRDA:84,4294967295,2,1
BRDA:84,4294967295,3,0
BRDA:84,0,5,1
BRDA:84,0,6,0
BRDA:85,4294967295,2,1
BRDA:85,4294967295,3,0
BRDA:85,0,5,1
BRDA:85,0,6,0
BRDA:86,4294967295,2,1
BRDA:86,4294967295,3,0
BRDA:86,0,5,1
BRDA:86,0,6,0
BRDA:87,4294967295,2,1
BRDA:87,4294967295,3,0
BRDA:87,0,5,1
BRDA:87,0,6,0
BRDA:88,4294967295,2,1
BRDA:88,4294967295,3,0
BRDA:88,0,5,1
BRDA:88,0,6,0
BRDA:91,4294967295,2,1
BRDA:91,4294967295,3,0
BRDA:91,0,5,1
BRDA:91,0,6,0
BRDA:97,3,1,1
BRDA:97,3,2,0
BRDA:97,4,3,1
BRDA:97,4,4,0
BRF:88
BRH:44
DA:5,8
DA:9,4
DA:12,4
DA:13,4
DA:15,4
DA:18,4
DA:19,4
DA:24,6
DA:29,1
DA:30,1
DA:31,1
DA:33,6
DA:36,1
DA:37,1
DA:38,1
DA:39,1
DA:40,1
DA:41,1
DA:44,1
DA:45,1
DA:46,1
DA:47,1
DA:48,1
DA:49,1
DA:51,6
DA:54,1
DA:55,1
DA:56,1
DA:57,1
DA:58,1
DA:59,1
DA:61,1
DA:62,1
DA:63,1
DA:64,1
DA:65,1
DA:68,1
DA:69,1
DA:71,6
DA:74,1
DA:75,1
DA:76,1
DA:77,1
DA:78,1
DA:79,1
DA:82,1
DA:84,1
DA:85,1
DA:86,1
DA:87,1
DA:88,1
DA:89,1
DA:91,1
DA:92,1
DA:94,1
DA:96,1
DA:97,4
LF:57
LH:57
end_of_record
