TN:
SF:/usr/include/x86_64-linux-gnu/bits/stdio2.h
DA:104,3
LF:1
LH:1
end_of_record
SF:/home/adrian.ko/00_work/15_yc_lecture/week7/Practice/prac_03/coverage_metric/libsrc/CircularBuffer.cpp
FN:3,_ZN14CircularBufferC2Ei
FN:9,_ZN14CircularBufferD0Ev
FN:9,_ZN14CircularBufferD2Ev
FN:14,_ZN14CircularBuffer7IsEmptyEv
FN:19,_ZN14CircularBuffer6IsFullEv
FN:24,_ZN14CircularBuffer3PutEi
FN:33,_ZN14CircularBuffer3GetEv
FN:46,_ZN14CircularBuffer8CapacityEv
FN:51,_ZN14CircularBuffer4NextEi
FN:57,_ZN14CircularBuffer5PrintEv
FN:80,_Z12do_somethingi
FN:83,_Z2f1P6fred_t
FN:95,_Z2f2v
FN:112,_Z2f3i
FNDA:1,_ZN14CircularBufferC2Ei
FNDA:0,_ZN14CircularBufferD0Ev
FNDA:1,_ZN14CircularBufferD2Ev
FNDA:0,_ZN14CircularBuffer7IsEmptyEv
FNDA:0,_ZN14CircularBuffer6IsFullEv
FNDA:1,_ZN14CircularBuffer3PutEi
FNDA:0,_ZN14CircularBuffer3GetEv
FNDA:0,_ZN14CircularBuffer8CapacityEv
FNDA:2,_ZN14CircularBuffer4NextEi
FNDA:1,_ZN14CircularBuffer5PrintEv
FNDA:0,_Z12do_somethingi
FNDA:0,_Z2f1P6fred_t
FNDA:0,_Z2f2v
FNDA:0,_Z2f3i
FNF:14
FNH:5
BRDA:6,0,0,1
BRDA:6,0,1,0
BRDA:11,0,0,1
BRDA:11,0,1,0
BRDA:29,9999,0,0
BRDA:29,9999,1,1
BRDA:30,0,0,0
BRDA:30,0,1,1
BRDA:38,0,0,-
BRDA:38,0,1,-
BRDA:41,9999,0,-
BRDA:41,9999,1,-
BRDA:53,0,0,0
BRDA:53,0,1,2
BRDA:64,9999,0,1
BRDA:64,9999,1,0
BRDA:64,0,2,0
BRDA:64,0,3,1
BRDA:66,2,0,1
BRDA:66,2,1,1
BRDA:69,9999,0,0
BRDA:69,9999,1,1
BRDA:91,0,0,-
BRDA:91,0,1,-
BRDA:98,2,0,-
BRDA:98,2,1,-
BRDA:100,0,0,-
BRDA:100,0,1,-
BRDA:115,0,0,-
BRDA:115,0,1,-
BRF:30
BRH:10
DA:3,1
DA:4,1
DA:6,1
DA:7,1
DA:9,1
DA:11,1
DA:12,0
DA:14,0
DA:16,0
DA:19,0
DA:21,0
DA:24,1
DA:26,1
DA:27,1
DA:28,1
DA:29,1
DA:30,1
DA:31,1
DA:33,0
DA:35,0
DA:36,0
DA:38,0
DA:39,0
DA:40,0
DA:41,0
DA:43,0
DA:46,0
DA:48,0
DA:51,2
DA:53,2
DA:54,2
DA:57,1
DA:61,1
DA:62,1
DA:64,1
DA:66,2
DA:67,1
DA:68,1
DA:69,1
DA:72,1
DA:80,0
DA:81,0
DA:83,0
DA:86,0
DA:90,0
DA:91,0
DA:92,0
DA:93,0
DA:95,0
DA:97,0
DA:98,0
DA:100,0
DA:102,0
DA:103,0
DA:109,0
DA:112,0
DA:114,0
DA:115,0
DA:116,0
DA:119,0
DA:120,0
LF:61
LH:25
end_of_record
TN:
SF:/home/adrian.ko/00_work/15_yc_lecture/week7/Practice/prac_03/coverage_metric/libsrc/libmodule.cpp
FN:2,_Z26testmodule_coverage_metricv
FNDA:0,_Z26testmodule_coverage_metricv
FNF:1
FNH:0
DA:2,0
DA:3,0
LF:2
LH:0
end_of_record
TN:
SF:/home/adrian.ko/00_work/15_yc_lecture/week7/Practice/cpputest/include/CppUTest/TestOutput.h
FN:116,_ZN17ConsoleTestOutputD2Ev
FN:116,_ZN17ConsoleTestOutputD0Ev
FNDA:0,_ZN17ConsoleTestOutputD0Ev
FNDA:0,_ZN17ConsoleTestOutputD2Ev
FNF:2
FNH:0
DA:116,0
DA:117,0
DA:118,0
LF:3
LH:0
end_of_record
SF:/home/adrian.ko/00_work/15_yc_lecture/week7/Practice/prac_03/coverage_metric/testframework/swut/swut_main.cpp
FN:5,_ZN34TEST_circular_test_basic_test_TestD2Ev
FN:5,_ZN37TEST_GROUP_CppUTestGroupcircular_testD0Ev
FN:5,_ZN37TEST_GROUP_CppUTestGroupcircular_testD2Ev
FN:5,_ZN34TEST_circular_test_basic_test_TestD0Ev
FN:5,_ZN39TEST_circular_test_basic_test_TestShell10createTestEv
FN:7,_ZN37TEST_GROUP_CppUTestGroupcircular_test5setupEv
FN:12,_ZN37TEST_GROUP_CppUTestGroupcircular_test8teardownEv
FN:20,_Z41__static_initialization_and_destruction_0ii
FN:20,_ZN39TEST_circular_test_basic_test_TestShellD2Ev
FN:20,_ZN34TEST_circular_test_basic_test_Test8testBodyEv
FN:20,_ZN39TEST_circular_test_basic_test_TestShellD0Ev
FN:30,main
FN:33,_GLOBAL__sub_I_externTestGroupcircular_test
FNDA:0,_ZN37TEST_GROUP_CppUTestGroupcircular_testD0Ev
FNDA:0,_ZN37TEST_GROUP_CppUTestGroupcircular_testD2Ev
FNDA:1,_ZN37TEST_GROUP_CppUTestGroupcircular_test5setupEv
FNDA:1,_ZN37TEST_GROUP_CppUTestGroupcircular_test8teardownEv
FNDA:0,_ZN39TEST_circular_test_basic_test_TestShellD0Ev
FNDA:0,_ZN39TEST_circular_test_basic_test_TestShellD2Ev
FNDA:1,_ZN34TEST_circular_test_basic_test_TestD0Ev
FNDA:0,_ZN34TEST_circular_test_basic_test_TestD2Ev
FNDA:1,_ZN34TEST_circular_test_basic_test_Test8testBodyEv
FNDA:1,_ZN39TEST_circular_test_basic_test_TestShell10createTestEv
FNDA:1,main
FNDA:1,_GLOBAL__sub_I_externTestGroupcircular_test
FNDA:1,_Z41__static_initialization_and_destruction_0ii
FNF:13
FNH:8
BRDA:5,1,3,1
BRDA:5,1,4,0
BRDA:23,9999,1,1
BRDA:23,9999,2,0
BRDA:24,0,1,1
BRDA:24,0,2,0
BRDA:33,3,1,1
BRDA:33,3,2,0
BRDA:33,4,3,1
BRDA:33,4,4,0
BRF:10
BRH:5
DA:5,2
DA:7,1
DA:10,1
DA:12,1
DA:15,1
DA:20,6
DA:22,1
DA:23,1
DA:24,1
DA:26,1
DA:30,1
DA:32,1
DA:33,4
LF:13
LH:13
end_of_record
