TN:
SF:/usr/include/x86_64-linux-gnu/bits/stdio2.h
DA:104,3
LF:1
LH:1
end_of_record
SF:/home/i404/project/yc_2017_swtesting/Report/17-10-26_TestFramework/21360012/Practice/prac_03/coverage_metric/libsrc/CircularBuffer.cpp
FN:3,_ZN14CircularBufferC2Ei
FN:9,_ZN14CircularBufferD2Ev
FN:9,_ZN14CircularBufferD0Ev
FN:14,_ZN14CircularBuffer7IsEmptyEv
FN:19,_ZN14CircularBuffer6IsFullEv
FN:24,_ZN14CircularBuffer3PutEi
FN:33,_ZN14CircularBuffer3GetEv
FN:46,_ZN14CircularBuffer8CapacityEv
FN:51,_ZN14CircularBuffer4NextEi
FN:57,_ZN14CircularBuffer5PrintEv
FNDA:7,_ZN14CircularBufferC2Ei
FNDA:3,_ZN14CircularBufferD0Ev
FNDA:7,_ZN14CircularBufferD2Ev
FNDA:1,_ZN14CircularBuffer7IsEmptyEv
FNDA:4,_ZN14CircularBuffer6IsFullEv
FNDA:9,_ZN14CircularBuffer3PutEi
FNDA:8,_ZN14CircularBuffer3GetEv
FNDA:1,_ZN14CircularBuffer8CapacityEv
FNDA:18,_ZN14CircularBuffer4NextEi
FNDA:1,_ZN14CircularBuffer5PrintEv
FNF:10
FNH:10
BRDA:6,0,0,7
BRDA:6,0,1,0
BRDA:11,0,0,7
BRDA:11,0,1,0
BRDA:29,4294967295,0,0
BRDA:29,4294967295,1,9
BRDA:30,0,0,0
BRDA:30,0,1,9
BRDA:38,0,0,8
BRDA:38,0,1,0
BRDA:41,4294967295,0,2
BRDA:41,4294967295,1,6
BRDA:53,0,0,0
BRDA:53,0,1,18
BRDA:64,4294967295,0,1
BRDA:64,4294967295,1,0
BRDA:64,0,2,0
BRDA:64,0,3,1
BRDA:66,2,0,1
BRDA:66,2,1,1
BRDA:69,4294967295,0,1
BRDA:69,4294967295,1,0
BRF:22
BRH:13
DA:3,7
DA:4,7
DA:6,7
DA:7,7
DA:9,10
DA:11,7
DA:12,3
DA:14,1
DA:16,1
DA:19,4
DA:21,4
DA:24,9
DA:26,9
DA:27,9
DA:28,9
DA:29,9
DA:30,9
DA:31,9
DA:33,8
DA:35,8
DA:36,8
DA:38,8
DA:39,8
DA:40,8
DA:41,8
DA:43,8
DA:46,1
DA:48,1
DA:51,18
DA:53,18
DA:54,18
DA:57,1
DA:59,1
DA:61,1
DA:62,1
DA:64,1
DA:66,2
DA:67,2
DA:68,1
DA:69,1
DA:71,1
DA:72,1
LF:42
LH:42
end_of_record
TN:
SF:/home/i404/project/yc_2017_swtesting/Report/17-10-26_TestFramework/21360012/Practice/prac_03/coverage_metric/libsrc/libmodule.cpp
FN:2,_Z26testmodule_coverage_metricv
FNDA:0,_Z26testmodule_coverage_metricv
FNF:1
FNH:0
DA:2,0
DA:3,0
LF:2
LH:0
end_of_record
TN:
SF:/home/i404/project/yc_2017_swtesting/Report/17-10-26_TestFramework/21360012/Practice/cpputest/include/CppUTest/Utest.h
BRDA:69,4294967295,1,-
BRDA:69,4294967295,2,-
BRDA:69,0,4,-
BRDA:69,0,5,-
BRDA:69,1,7,-
BRDA:69,1,8,-
BRDA:69,2,10,-
BRDA:69,2,11,-
BRDA:69,3,13,-
BRDA:69,3,14,-
BRDA:69,4,16,-
BRDA:69,4,17,-
BRDA:69,6,23,1
BRDA:69,6,24,0
BRF:14
BRH:1
DA:69,1
LF:1
LH:1
end_of_record
SF:/home/i404/project/yc_2017_swtesting/Report/17-10-26_TestFramework/21360012/Practice/prac_03/coverage_metric/testframework/swut/swut_main.cpp
FN:5,_ZN38TEST_GROUP_CppUTestGroupCircularBufferC2Ev
FN:5,_ZN38TEST_GROUP_CppUTestGroupCircularBufferD0Ev
FN:5,_ZN38TEST_GROUP_CppUTestGroupCircularBufferD2Ev
FN:9,_ZN38TEST_GROUP_CppUTestGroupCircularBuffer5setupEv
FN:16,_ZN38TEST_GROUP_CppUTestGroupCircularBuffer8teardownEv
FN:25,_ZN35TEST_CircularBuffer_basic_test_TestD2Ev
FN:25,_ZN40TEST_CircularBuffer_basic_test_TestShell10createTestEv
FN:25,_ZN35TEST_CircularBuffer_basic_test_TestD0Ev
FN:25,_ZN35TEST_CircularBuffer_basic_test_Test8testBodyEv
FN:25,_ZN40TEST_CircularBuffer_basic_test_TestShellD0Ev
FN:25,_ZN40TEST_CircularBuffer_basic_test_TestShellD2Ev
FN:33,_ZN32TEST_CircularBuffer_enqueue_Test8testBodyEv
FN:33,_ZN37TEST_CircularBuffer_enqueue_TestShell10createTestEv
FN:33,_ZN37TEST_CircularBuffer_enqueue_TestShellD0Ev
FN:33,_ZN32TEST_CircularBuffer_enqueue_TestD2Ev
FN:33,_ZN37TEST_CircularBuffer_enqueue_TestShellD2Ev
FN:33,_ZN32TEST_CircularBuffer_enqueue_TestD0Ev
FN:52,_ZN34TEST_CircularBuffer_deleteall_Test8testBodyEv
FN:52,_ZN39TEST_CircularBuffer_deleteall_TestShellD2Ev
FN:52,_ZN34TEST_CircularBuffer_deleteall_TestD0Ev
FN:52,_ZN39TEST_CircularBuffer_deleteall_TestShellD0Ev
FN:52,_ZN34TEST_CircularBuffer_deleteall_TestD2Ev
FN:52,_ZN39TEST_CircularBuffer_deleteall_TestShell10createTestEv
FN:84,main
FN:87,_Z41__static_initialization_and_destruction_0ii
FN:87,_GLOBAL__sub_I_externTestGroupCircularBuffer
FNDA:0,_ZN38TEST_GROUP_CppUTestGroupCircularBufferD0Ev
FNDA:0,_ZN38TEST_GROUP_CppUTestGroupCircularBufferD2Ev
FNDA:3,_ZN38TEST_GROUP_CppUTestGroupCircularBufferC2Ev
FNDA:3,_ZN38TEST_GROUP_CppUTestGroupCircularBuffer5setupEv
FNDA:3,_ZN38TEST_GROUP_CppUTestGroupCircularBuffer8teardownEv
FNDA:0,_ZN40TEST_CircularBuffer_basic_test_TestShellD0Ev
FNDA:0,_ZN40TEST_CircularBuffer_basic_test_TestShellD2Ev
FNDA:1,_ZN35TEST_CircularBuffer_basic_test_TestD0Ev
FNDA:0,_ZN35TEST_CircularBuffer_basic_test_TestD2Ev
FNDA:1,_ZN35TEST_CircularBuffer_basic_test_Test8testBodyEv
FNDA:1,_ZN40TEST_CircularBuffer_basic_test_TestShell10createTestEv
FNDA:0,_ZN37TEST_CircularBuffer_enqueue_TestShellD0Ev
FNDA:0,_ZN37TEST_CircularBuffer_enqueue_TestShellD2Ev
FNDA:1,_ZN32TEST_CircularBuffer_enqueue_TestD0Ev
FNDA:0,_ZN32TEST_CircularBuffer_enqueue_TestD2Ev
FNDA:1,_ZN32TEST_CircularBuffer_enqueue_Test8testBodyEv
FNDA:1,_ZN37TEST_CircularBuffer_enqueue_TestShell10createTestEv
FNDA:0,_ZN39TEST_CircularBuffer_deleteall_TestShellD0Ev
FNDA:0,_ZN39TEST_CircularBuffer_deleteall_TestShellD2Ev
FNDA:1,_ZN34TEST_CircularBuffer_deleteall_TestD0Ev
FNDA:0,_ZN34TEST_CircularBuffer_deleteall_TestD2Ev
FNDA:1,_ZN34TEST_CircularBuffer_deleteall_Test8testBodyEv
FNDA:1,_ZN39TEST_CircularBuffer_deleteall_TestShell10createTestEv
FNDA:1,main
FNDA:1,_GLOBAL__sub_I_externTestGroupCircularBuffer
FNDA:1,_Z41__static_initialization_and_destruction_0ii
FNF:26
FNH:15
BRDA:5,11,19,3
BRDA:5,11,20,0
BRDA:12,0,2,3
BRDA:12,0,3,0
BRDA:19,0,0,3
BRDA:19,0,1,0
BRDA:25,9,10,1
BRDA:25,9,11,0
BRDA:28,4294967295,1,1
BRDA:28,4294967295,2,0
BRDA:29,0,1,1
BRDA:29,0,2,0
BRDA:33,8,10,1
BRDA:33,8,11,0
BRDA:44,4294967295,1,0
BRDA:44,4294967295,2,1
BRDA:44,0,5,-
BRDA:44,0,6,-
BRDA:44,2,11,-
BRDA:44,2,12,-
BRDA:44,3,14,-
BRDA:44,3,15,-
BRDA:44,4,17,-
BRDA:44,4,18,-
BRDA:44,5,20,-
BRDA:44,5,21,-
BRDA:44,6,23,-
BRDA:44,6,24,-
BRDA:44,7,26,-
BRDA:44,7,27,-
BRDA:44,9,33,1
BRDA:44,9,34,0
BRDA:45,0,1,0
BRDA:45,0,2,1
BRDA:45,1,5,-
BRDA:45,1,6,-
BRDA:45,3,11,-
BRDA:45,3,12,-
BRDA:45,4,14,-
BRDA:45,4,15,-
BRDA:45,5,17,-
BRDA:45,5,18,-
BRDA:45,6,20,-
BRDA:45,6,21,-
BRDA:45,7,23,-
BRDA:45,7,24,-
BRDA:45,8,26,-
BRDA:45,8,27,-
BRDA:45,10,33,1
BRDA:45,10,34,0
BRDA:46,0,1,0
BRDA:46,0,2,1
BRDA:46,1,5,-
BRDA:46,1,6,-
BRDA:46,3,11,-
BRDA:46,3,12,-
BRDA:46,4,14,-
BRDA:46,4,15,-
BRDA:46,5,17,-
BRDA:46,5,18,-
BRDA:46,6,20,-
BRDA:46,6,21,-
BRDA:46,7,23,-
BRDA:46,7,24,-
BRDA:46,8,26,-
BRDA:46,8,27,-
BRDA:46,10,33,1
BRDA:46,10,34,0
BRDA:47,0,1,0
BRDA:47,0,2,1
BRDA:47,1,5,-
BRDA:47,1,6,-
BRDA:47,3,11,-
BRDA:47,3,12,-
BRDA:47,4,14,-
BRDA:47,4,15,-
BRDA:47,5,17,-
BRDA:47,5,18,-
BRDA:47,6,20,-
BRDA:47,6,21,-
BRDA:47,7,23,-
BRDA:47,7,24,-
BRDA:47,8,26,-
BRDA:47,8,27,-
BRDA:47,10,33,1
BRDA:47,10,34,0
BRDA:52,8,10,1
BRDA:52,8,11,0
BRDA:63,4294967295,1,0
BRDA:63,4294967295,2,1
BRDA:63,0,5,-
BRDA:63,0,6,-
BRDA:63,2,11,-
BRDA:63,2,12,-
BRDA:63,3,14,-
BRDA:63,3,15,-
BRDA:63,4,17,-
BRDA:63,4,18,-
BRDA:63,5,20,-
BRDA:63,5,21,-
BRDA:63,6,23,-
BRDA:63,6,24,-
BRDA:63,7,26,-
BRDA:63,7,27,-
BRDA:63,9,33,1
BRDA:63,9,34,0
BRDA:64,0,1,0
BRDA:64,0,2,1
BRDA:64,1,5,-
BRDA:64,1,6,-
BRDA:64,3,11,-
BRDA:64,3,12,-
BRDA:64,4,14,-
BRDA:64,4,15,-
BRDA:64,5,17,-
BRDA:64,5,18,-
BRDA:64,6,20,-
BRDA:64,6,21,-
BRDA:64,7,23,-
BRDA:64,7,24,-
BRDA:64,8,26,-
BRDA:64,8,27,-
BRDA:64,10,33,1
BRDA:64,10,34,0
BRDA:65,0,1,0
BRDA:65,0,2,1
BRDA:65,1,5,-
BRDA:65,1,6,-
BRDA:65,3,11,-
BRDA:65,3,12,-
BRDA:65,4,14,-
BRDA:65,4,15,-
BRDA:65,5,17,-
BRDA:65,5,18,-
BRDA:65,6,20,-
BRDA:65,6,21,-
BRDA:65,7,23,-
BRDA:65,7,24,-
BRDA:65,8,26,-
BRDA:65,8,27,-
BRDA:65,10,33,1
BRDA:65,10,34,0
BRDA:66,0,1,0
BRDA:66,0,2,1
BRDA:66,1,5,-
BRDA:66,1,6,-
BRDA:66,3,11,-
BRDA:66,3,12,-
BRDA:66,4,14,-
BRDA:66,4,15,-
BRDA:66,5,17,-
BRDA:66,5,18,-
BRDA:66,6,20,-
BRDA:66,6,21,-
BRDA:66,7,23,-
BRDA:66,7,24,-
BRDA:66,8,26,-
BRDA:66,8,27,-
BRDA:66,10,33,1
BRDA:66,10,34,0
BRDA:69,0,1,0
BRDA:69,0,2,1
BRDA:69,1,5,-
BRDA:69,1,6,-
BRDA:71,0,1,1
BRDA:71,0,2,0
BRDA:71,1,5,0
BRDA:71,1,6,1
BRDA:71,3,11,1
BRDA:71,3,12,0
BRDA:71,4,14,1
BRDA:71,4,15,0
BRDA:71,5,17,1
BRDA:71,5,18,0
BRDA:71,6,20,1
BRDA:71,6,21,0
BRDA:71,7,23,1
BRDA:71,7,24,0
BRDA:71,8,26,0
BRDA:71,8,27,1
BRDA:71,10,33,-
BRDA:71,10,34,-
BRDA:87,3,1,1
BRDA:87,3,2,0
BRDA:87,4,3,1
BRDA:87,4,4,0
BRF:186
BRH:35
DA:5,6
DA:9,3
DA:12,3
DA:14,3
DA:16,3
DA:19,3
DA:20,3
DA:25,5
DA:27,2
DA:28,1
DA:29,1
DA:31,1
DA:33,5
DA:37,1
DA:38,1
DA:39,1
DA:40,1
DA:41,1
DA:44,1
DA:45,1
DA:46,1
DA:47,1
DA:50,1
DA:52,5
DA:56,1
DA:57,1
DA:58,1
DA:59,1
DA:63,1
DA:64,1
DA:65,1
DA:66,1
DA:69,1
DA:71,1
DA:76,0
DA:84,1
DA:86,1
DA:87,4
LF:38
LH:37
end_of_record
