TN:
SF:/home/i404/yc_2017_swtesting/Report/17-10-26_TestFramework/21460089/Practice/prac_03/coverage_metric/libsrc/libmodule.cpp
FN:2,_Z26testmodule_coverage_metricv
FNDA:0,_Z26testmodule_coverage_metricv
FNF:1
FNH:0
DA:2,0
DA:3,0
LF:2
LH:0
end_of_record
TN:
SF:/usr/include/i386-linux-gnu/bits/stdio2.h
DA:104,12
LF:1
LH:1
end_of_record
SF:/home/i404/yc_2017_swtesting/Report/17-10-26_TestFramework/21460089/Practice/prac_03/coverage_metric/libsrc/CircularBuffer.cpp
FN:3,_ZN14CircularBufferC2Ei
FN:9,_ZN14CircularBufferD0Ev
FN:9,_ZN14CircularBufferD2Ev
FN:14,_ZN14CircularBuffer7IsEmptyEv
FN:19,_ZN14CircularBuffer6IsFullEv
FN:24,_ZN14CircularBuffer3PutEi
FN:33,_ZN14CircularBuffer3GetEv
FN:46,_ZN14CircularBuffer8CapacityEv
FN:51,_ZN14CircularBuffer4NextEi
FN:57,_ZN14CircularBuffer5PrintEv
FNDA:8,_ZN14CircularBufferC2Ei
FNDA:4,_ZN14CircularBufferD0Ev
FNDA:8,_ZN14CircularBufferD2Ev
FNDA:2,_ZN14CircularBuffer7IsEmptyEv
FNDA:1,_ZN14CircularBuffer6IsFullEv
FNDA:13,_ZN14CircularBuffer3PutEi
FNDA:12,_ZN14CircularBuffer3GetEv
FNDA:1,_ZN14CircularBuffer8CapacityEv
FNDA:30,_ZN14CircularBuffer4NextEi
FNDA:2,_ZN14CircularBuffer5PrintEv
FNF:10
FNH:10
BRDA:6,0,0,8
BRDA:6,0,1,0
BRDA:11,0,0,8
BRDA:11,0,1,0
BRDA:29,4294967295,0,0
BRDA:29,4294967295,1,13
BRDA:30,0,0,1
BRDA:30,0,1,12
BRDA:38,0,0,12
BRDA:38,0,1,0
BRDA:41,4294967295,0,3
BRDA:41,4294967295,1,9
BRDA:53,0,0,2
BRDA:53,0,1,28
BRDA:64,4294967295,0,2
BRDA:64,4294967295,1,0
BRDA:64,0,2,0
BRDA:64,0,3,2
BRDA:66,2,0,5
BRDA:66,2,1,2
BRDA:69,4294967295,0,2
BRDA:69,4294967295,1,3
BRF:22
BRH:16
DA:3,8
DA:4,8
DA:6,8
DA:7,8
DA:9,12
DA:11,8
DA:12,4
DA:14,2
DA:16,2
DA:19,1
DA:21,1
DA:24,13
DA:26,13
DA:27,13
DA:28,13
DA:29,13
DA:30,13
DA:31,13
DA:33,12
DA:35,12
DA:36,12
DA:38,12
DA:39,12
DA:40,12
DA:41,12
DA:43,12
DA:46,1
DA:48,1
DA:51,30
DA:53,30
DA:54,30
DA:57,2
DA:59,2
DA:61,2
DA:62,2
DA:64,2
DA:66,7
DA:67,10
DA:68,5
DA:69,5
DA:71,2
DA:72,2
LF:42
LH:42
end_of_record
TN:
SF:/home/i404/yc_2017_swtesting/Report/17-10-26_TestFramework/21460089/Practice/cpputest/include/CppUTest/Utest.h
DA:62,15
DA:69,30
LF:2
LH:2
end_of_record
SF:/usr/include/i386-linux-gnu/bits/stdio2.h
BRDA:104,0,1,1
BRDA:104,0,2,0
BRF:2
BRH:1
DA:104,1
LF:1
LH:1
end_of_record
SF:/home/i404/yc_2017_swtesting/Report/17-10-26_TestFramework/21460089/Practice/prac_03/coverage_metric/testframework/swut/swut_main.cpp
FN:5,_ZN37TEST_GROUP_CppUTestGroupcircular_testD2Ev
FN:5,_ZN37TEST_GROUP_CppUTestGroupcircular_testD0Ev
FN:8,_ZN37TEST_GROUP_CppUTestGroupcircular_test5setupEv
FN:14,_ZN37TEST_GROUP_CppUTestGroupcircular_test8teardownEv
FN:23,_ZN36TEST_circular_test_enqueue_TestShellD2Ev
FN:23,_ZN31TEST_circular_test_enqueue_TestD2Ev
FN:23,_ZN31TEST_circular_test_enqueue_TestD0Ev
FN:23,_ZN36TEST_circular_test_enqueue_TestShell10createTestEv
FN:23,_ZN31TEST_circular_test_enqueue_Test8testBodyEv
FN:23,_ZN36TEST_circular_test_enqueue_TestShellD0Ev
FN:39,_ZN38TEST_circular_test_deleteall_TestShellD2Ev
FN:39,_ZN38TEST_circular_test_deleteall_TestShellD0Ev
FN:39,_ZN33TEST_circular_test_deleteall_Test8testBodyEv
FN:39,_ZN33TEST_circular_test_deleteall_TestD2Ev
FN:39,_ZN38TEST_circular_test_deleteall_TestShell10createTestEv
FN:39,_ZN33TEST_circular_test_deleteall_TestD0Ev
FN:59,_ZN38TEST_circular_test_queuefull_TestShellD2Ev
FN:59,_ZN33TEST_circular_test_queuefull_TestD0Ev
FN:59,_ZN33TEST_circular_test_queuefull_Test8testBodyEv
FN:59,_ZN38TEST_circular_test_queuefull_TestShellD0Ev
FN:59,_ZN33TEST_circular_test_queuefull_TestD2Ev
FN:59,_ZN38TEST_circular_test_queuefull_TestShell10createTestEv
FN:82,_ZN39TEST_circular_test_basic_test_TestShellD2Ev
FN:82,_ZN34TEST_circular_test_basic_test_Test8testBodyEv
FN:82,_ZN39TEST_circular_test_basic_test_TestShellD0Ev
FN:82,_ZN34TEST_circular_test_basic_test_TestD0Ev
FN:82,_ZN34TEST_circular_test_basic_test_TestD2Ev
FN:82,_ZN39TEST_circular_test_basic_test_TestShell10createTestEv
FN:93,main
FN:96,_Z41__static_initialization_and_destruction_0ii
FN:96,_GLOBAL__sub_I_externTestGroupcircular_test
FNDA:0,_ZN37TEST_GROUP_CppUTestGroupcircular_testD0Ev
FNDA:0,_ZN37TEST_GROUP_CppUTestGroupcircular_testD2Ev
FNDA:4,_ZN37TEST_GROUP_CppUTestGroupcircular_test5setupEv
FNDA:4,_ZN37TEST_GROUP_CppUTestGroupcircular_test8teardownEv
FNDA:0,_ZN36TEST_circular_test_enqueue_TestShellD0Ev
FNDA:0,_ZN36TEST_circular_test_enqueue_TestShellD2Ev
FNDA:1,_ZN31TEST_circular_test_enqueue_TestD0Ev
FNDA:0,_ZN31TEST_circular_test_enqueue_TestD2Ev
FNDA:1,_ZN31TEST_circular_test_enqueue_Test8testBodyEv
FNDA:1,_ZN36TEST_circular_test_enqueue_TestShell10createTestEv
FNDA:0,_ZN38TEST_circular_test_deleteall_TestShellD0Ev
FNDA:0,_ZN38TEST_circular_test_deleteall_TestShellD2Ev
FNDA:1,_ZN33TEST_circular_test_deleteall_TestD0Ev
FNDA:0,_ZN33TEST_circular_test_deleteall_TestD2Ev
FNDA:1,_ZN33TEST_circular_test_deleteall_Test8testBodyEv
FNDA:1,_ZN38TEST_circular_test_deleteall_TestShell10createTestEv
FNDA:0,_ZN38TEST_circular_test_queuefull_TestShellD0Ev
FNDA:0,_ZN38TEST_circular_test_queuefull_TestShellD2Ev
FNDA:1,_ZN33TEST_circular_test_queuefull_TestD0Ev
FNDA:0,_ZN33TEST_circular_test_queuefull_TestD2Ev
FNDA:1,_ZN33TEST_circular_test_queuefull_Test8testBodyEv
FNDA:1,_ZN38TEST_circular_test_queuefull_TestShell10createTestEv
FNDA:0,_ZN39TEST_circular_test_basic_test_TestShellD0Ev
FNDA:0,_ZN39TEST_circular_test_basic_test_TestShellD2Ev
FNDA:1,_ZN34TEST_circular_test_basic_test_TestD0Ev
FNDA:0,_ZN34TEST_circular_test_basic_test_TestD2Ev
FNDA:1,_ZN34TEST_circular_test_basic_test_Test8testBodyEv
FNDA:1,_ZN39TEST_circular_test_basic_test_TestShell10createTestEv
FNDA:1,main
FNDA:1,_GLOBAL__sub_I_externTestGroupcircular_test
FNDA:1,_Z41__static_initialization_and_destruction_0ii
FNF:31
FNH:17
BRDA:5,7,9,1
BRDA:5,7,10,0
BRDA:5,7,12,1
BRDA:5,7,13,0
BRDA:5,7,15,1
BRDA:5,7,16,0
BRDA:5,7,18,1
BRDA:5,7,19,0
BRDA:11,0,2,4
BRDA:11,0,3,0
BRDA:17,0,0,4
BRDA:17,0,1,0
BRDA:28,4294967295,1,1
BRDA:28,4294967295,2,0
BRDA:29,0,1,1
BRDA:29,0,2,0
BRDA:30,0,1,1
BRDA:30,0,2,0
BRDA:33,0,1,1
BRDA:33,0,2,0
BRDA:33,1,4,1
BRDA:33,1,5,0
BRDA:33,2,7,1
BRDA:33,2,8,0
BRDA:33,3,10,1
BRDA:33,3,11,0
BRDA:34,0,1,1
BRDA:34,0,2,0
BRDA:34,1,4,1
BRDA:34,1,5,0
BRDA:34,2,7,1
BRDA:34,2,8,0
BRDA:34,3,10,1
BRDA:34,3,11,0
BRDA:35,0,1,1
BRDA:35,0,2,0
BRDA:35,1,4,1
BRDA:35,1,5,0
BRDA:35,2,7,1
BRDA:35,2,8,0
BRDA:35,3,10,1
BRDA:35,3,11,0
BRDA:44,4294967295,1,1
BRDA:44,4294967295,2,0
BRDA:45,0,1,1
BRDA:45,0,2,0
BRDA:46,0,1,1
BRDA:46,0,2,0
BRDA:47,0,1,1
BRDA:47,0,2,0
BRDA:48,0,1,1
BRDA:48,0,2,0
BRDA:50,0,1,1
BRDA:50,0,2,0
BRDA:50,1,4,1
BRDA:50,1,5,0
BRDA:50,2,7,1
BRDA:50,2,8,0
BRDA:50,3,10,1
BRDA:50,3,11,0
BRDA:51,0,1,1
BRDA:51,0,2,0
BRDA:51,1,4,1
BRDA:51,1,5,0
BRDA:51,2,7,1
BRDA:51,2,8,0
BRDA:51,3,10,1
BRDA:51,3,11,0
BRDA:52,0,1,1
BRDA:52,0,2,0
BRDA:52,1,4,1
BRDA:52,1,5,0
BRDA:52,2,7,1
BRDA:52,2,8,0
BRDA:52,3,10,1
BRDA:52,3,11,0
BRDA:53,0,1,1
BRDA:53,0,2,0
BRDA:53,1,4,1
BRDA:53,1,5,0
BRDA:53,2,7,1
BRDA:53,2,8,0
BRDA:53,3,10,1
BRDA:53,3,11,0
BRDA:56,0,1,1
BRDA:56,0,2,0
BRDA:56,1,4,1
BRDA:56,1,5,0
BRDA:56,2,7,1
BRDA:56,2,8,0
BRDA:56,3,10,1
BRDA:56,3,11,0
BRDA:64,4294967295,1,1
BRDA:64,4294967295,2,0
BRDA:65,0,1,1
BRDA:65,0,2,0
BRDA:66,0,1,1
BRDA:66,0,2,0
BRDA:67,0,1,1
BRDA:67,0,2,0
BRDA:68,0,1,1
BRDA:68,0,2,0
BRDA:71,0,1,1
BRDA:71,0,2,0
BRDA:71,1,4,1
BRDA:71,1,5,0
BRDA:71,2,7,1
BRDA:71,2,8,0
BRDA:71,3,10,1
BRDA:71,3,11,0
BRDA:73,0,1,1
BRDA:73,0,2,0
BRDA:73,1,4,1
BRDA:73,1,5,0
BRDA:73,2,7,1
BRDA:73,2,8,0
BRDA:73,3,10,1
BRDA:73,3,11,0
BRDA:74,0,1,1
BRDA:74,0,2,0
BRDA:74,1,4,1
BRDA:74,1,5,0
BRDA:74,2,7,1
BRDA:74,2,8,0
BRDA:74,3,10,1
BRDA:74,3,11,0
BRDA:75,0,1,1
BRDA:75,0,2,0
BRDA:75,1,4,1
BRDA:75,1,5,0
BRDA:75,2,7,1
BRDA:75,2,8,0
BRDA:75,3,10,1
BRDA:75,3,11,0
BRDA:76,0,1,1
BRDA:76,0,2,0
BRDA:76,1,4,1
BRDA:76,1,5,0
BRDA:76,2,7,1
BRDA:76,2,8,0
BRDA:76,3,10,1
BRDA:76,3,11,0
BRDA:77,0,1,1
BRDA:77,0,2,0
BRDA:77,1,4,1
BRDA:77,1,5,0
BRDA:77,2,7,1
BRDA:77,2,8,0
BRDA:77,3,10,1
BRDA:77,3,11,0
BRDA:79,0,1,1
BRDA:79,0,2,0
BRDA:79,1,4,1
BRDA:79,1,5,0
BRDA:79,2,7,1
BRDA:79,2,8,0
BRDA:79,3,10,1
BRDA:79,3,11,0
BRDA:85,4294967295,1,1
BRDA:85,4294967295,2,0
BRDA:86,0,1,1
BRDA:86,0,2,0
BRDA:87,0,1,1
BRDA:87,0,2,0
BRDA:96,3,1,1
BRDA:96,3,2,0
BRDA:96,4,3,1
BRDA:96,4,4,0
BRF:168
BRH:84
DA:5,8
DA:8,4
DA:11,4
DA:12,4
DA:14,4
DA:17,4
DA:18,4
DA:23,6
DA:25,2
DA:28,1
DA:29,1
DA:30,1
DA:33,1
DA:34,1
DA:35,1
DA:36,1
DA:39,6
DA:41,2
DA:44,1
DA:45,1
DA:46,1
DA:47,1
DA:48,1
DA:50,1
DA:51,1
DA:52,1
DA:53,1
DA:56,1
DA:57,1
DA:59,6
DA:61,2
DA:64,1
DA:65,1
DA:66,1
DA:67,1
DA:68,1
DA:71,1
DA:73,1
DA:74,1
DA:75,1
DA:76,1
DA:77,1
DA:79,1
DA:80,1
DA:82,6
DA:84,2
DA:85,1
DA:86,1
DA:87,1
DA:88,1
DA:93,1
DA:95,1
DA:96,4
LF:53
LH:53
end_of_record
